24-02-23 18:10:55.029 : 00_RLFN_baseline
24-02-23 18:11:55.932 : 00_RLFN_baseline
24-02-23 18:12:36.635 : 00_RLFN_baseline
24-02-23 18:43:01.710 : 00_RLFN_baseline
24-02-24 21:46:59.784 : 00_RLFN_baseline
24-02-24 21:49:11.000 : 00_RLFN_baseline
24-02-24 21:49:59.159 : 00_RLFN_baseline
24-02-24 21:49:59.159 :       Max Memory : 1.229 [M]
24-02-24 21:49:59.159 : ------> Average runtime of (valid) is : 0.000000 milliseconds
24-02-24 22:20:47.102 : 00_RLFN_baseline
24-02-24 22:21:16.547 : 00_RLFN_baseline
24-02-26 15:35:58.790 : 00_RLFN_baseline
24-02-27 18:57:07.568 : 00_RLFN_baseline
24-02-29 15:43:21.802 : 00_RLFN_baseline
24-02-29 15:50:36.007 : 00_RLFN_baseline
24-02-29 15:52:10.315 : 00_RLFN_baseline
24-02-29 15:53:20.213 : 00_RLFN_baseline
24-02-29 15:53:48.260 : 00_RLFN_baseline
24-02-29 17:19:32.072 : 00_RLFN_baseline
24-02-29 17:20:37.096 : 00_RLFN_baseline
24-02-29 17:25:52.856 : 00_RLFN_baseline
24-02-29 17:27:47.023 : 00_RLFN_baseline
24-02-29 17:28:55.440 : 00_RLFN_baseline
24-02-29 17:31:19.519 : 00_RLFN_baseline
24-02-29 17:31:39.993 : 00_RLFN_baseline
24-02-29 17:32:15.883 : 00_RLFN_baseline
24-02-29 17:33:06.861 : 00_RLFN_baseline
24-02-29 17:33:20.770 : 00_RLFN_baseline
24-02-29 17:40:48.061 : 00_RLFN_baseline
24-02-29 17:44:42.283 : 00_RLFN_baseline
24-02-29 19:02:04.020 : 00_RLFN_baseline
24-02-29 19:02:04.257 : 0000001.png - PSNR: 25.64 dB
24-02-29 19:02:04.367 : 0000002.png - PSNR: 21.01 dB
24-02-29 19:02:04.487 : 0000003.png - PSNR: 26.42 dB
24-02-29 19:02:04.575 : 0000004.png - PSNR: 24.20 dB
24-02-29 19:02:04.716 : 0000005.png - PSNR: 25.07 dB
24-02-29 19:02:04.824 : 0000006.png - PSNR: 20.39 dB
24-02-29 19:02:04.911 : 0000007.png - PSNR: 19.00 dB
24-02-29 19:02:04.994 : 0000008.png - PSNR: 23.39 dB
24-02-29 19:02:05.063 : 0000009.png - PSNR: 23.24 dB
24-02-29 19:02:05.147 : 0000010.png - PSNR: 20.97 dB
24-02-29 19:02:05.235 : 0000011.png - PSNR: 25.66 dB
24-02-29 19:02:05.336 : 0000012.png - PSNR: 25.15 dB
24-02-29 19:02:05.444 : 0000013.png - PSNR: 25.05 dB
24-02-29 19:02:05.531 : 0000014.png - PSNR: 24.70 dB
24-02-29 19:02:05.596 : 0000015.png - PSNR: 22.88 dB
24-02-29 19:02:05.710 : 0000016.png - PSNR: 21.03 dB
24-02-29 19:02:05.810 : 0000017.png - PSNR: 22.56 dB
24-02-29 19:02:05.926 : 0000018.png - PSNR: 25.82 dB
24-02-29 19:02:06.057 : 0000019.png - PSNR: 22.60 dB
24-02-29 19:02:06.175 : 0000020.png - PSNR: 25.02 dB
24-02-29 19:02:06.272 : 0000021.png - PSNR: 24.27 dB
24-02-29 19:02:06.368 : 0000022.png - PSNR: 26.00 dB
24-02-29 19:02:06.471 : 0000023.png - PSNR: 31.49 dB
24-02-29 19:02:06.554 : 0000024.png - PSNR: 20.90 dB
24-02-29 19:02:06.645 : 0000025.png - PSNR: 25.80 dB
24-02-29 19:02:06.715 : 0000026.png - PSNR: 31.59 dB
24-02-29 19:02:06.793 : 0000027.png - PSNR: 22.40 dB
24-02-29 19:02:06.873 : 0000028.png - PSNR: 20.74 dB
24-02-29 19:02:06.957 : 0000029.png - PSNR: 24.61 dB
24-02-29 19:02:07.059 : 0000030.png - PSNR: 23.36 dB
24-02-29 19:02:07.145 : 0000031.png - PSNR: 35.32 dB
24-02-29 19:02:07.231 : 0000032.png - PSNR: 21.36 dB
24-02-29 19:02:07.313 : 0000033.png - PSNR: 24.70 dB
24-02-29 19:02:07.378 : 0000034.png - PSNR: 21.74 dB
24-02-29 19:02:07.430 : 0000035.png - PSNR: 27.52 dB
24-02-29 19:02:07.489 : 0000036.png - PSNR: 21.06 dB
24-02-29 19:02:07.595 : 0000037.png - PSNR: 23.61 dB
24-02-29 19:02:07.699 : 0000038.png - PSNR: 23.54 dB
24-02-29 19:02:07.797 : 0000039.png - PSNR: 22.50 dB
24-02-29 19:02:07.887 : 0000040.png - PSNR: 33.58 dB
24-02-29 19:02:07.980 : 0000041.png - PSNR: 24.80 dB
24-02-29 19:02:08.072 : 0000042.png - PSNR: 21.82 dB
24-02-29 19:02:08.201 : 0000043.png - PSNR: 23.14 dB
24-02-29 19:02:08.314 : 0000044.png - PSNR: 24.06 dB
24-02-29 19:02:08.366 : 0000045.png - PSNR: 25.25 dB
24-02-29 19:02:08.488 : 0000046.png - PSNR: 26.38 dB
24-02-29 19:02:08.651 : 0000047.png - PSNR: 21.28 dB
24-02-29 19:02:08.923 : 0000048.png - PSNR: 29.32 dB
24-02-29 19:02:09.195 : 0000049.png - PSNR: 24.75 dB
24-02-29 19:02:09.341 : 0000050.png - PSNR: 29.68 dB
24-02-29 19:02:09.424 : 0000051.png - PSNR: 23.70 dB
24-02-29 19:02:09.599 : 0000052.png - PSNR: 26.38 dB
24-02-29 19:02:09.872 : 0000053.png - PSNR: 32.10 dB
24-02-29 19:02:10.045 : 0000054.png - PSNR: 27.93 dB
24-02-29 19:02:10.133 : 0000055.png - PSNR: 27.12 dB
24-02-29 19:02:10.240 : 0000056.png - PSNR: 24.64 dB
24-02-29 19:02:10.322 : 0000057.png - PSNR: 22.50 dB
24-02-29 19:02:10.461 : 0000058.png - PSNR: 19.22 dB
24-02-29 19:02:10.598 : 0000059.png - PSNR: 23.16 dB
24-02-29 19:02:10.738 : 0000060.png - PSNR: 22.83 dB
24-02-29 19:02:10.856 : 0000061.png - PSNR: 23.91 dB
24-02-29 19:02:10.970 : 0000062.png - PSNR: 20.84 dB
24-02-29 19:02:49.197 : 00_RLFN_baseline
24-02-29 19:02:49.406 : 0000001.png - PSNR: 25.64 dB
24-02-29 19:02:49.505 : 0000002.png - PSNR: 21.01 dB
24-02-29 19:02:49.616 : 0000003.png - PSNR: 26.42 dB
24-02-29 19:02:49.703 : 0000004.png - PSNR: 24.20 dB
24-02-29 19:02:49.861 : 0000005.png - PSNR: 25.07 dB
24-02-29 19:02:49.985 : 0000006.png - PSNR: 20.39 dB
24-02-29 19:02:50.071 : 0000007.png - PSNR: 19.00 dB
24-02-29 19:02:50.140 : 0000008.png - PSNR: 23.39 dB
24-02-29 19:02:50.208 : 0000009.png - PSNR: 23.24 dB
24-02-29 19:02:50.291 : 0000010.png - PSNR: 20.97 dB
24-02-29 19:02:50.380 : 0000011.png - PSNR: 25.66 dB
24-02-29 19:02:50.486 : 0000012.png - PSNR: 25.15 dB
24-02-29 19:02:50.594 : 0000013.png - PSNR: 25.05 dB
24-02-29 19:02:50.678 : 0000014.png - PSNR: 24.70 dB
24-02-29 19:02:50.742 : 0000015.png - PSNR: 22.88 dB
24-02-29 19:02:50.856 : 0000016.png - PSNR: 21.03 dB
24-02-29 19:02:50.955 : 0000017.png - PSNR: 22.56 dB
24-02-29 19:02:51.070 : 0000018.png - PSNR: 25.82 dB
24-02-29 19:02:51.196 : 0000019.png - PSNR: 22.60 dB
24-02-29 19:02:51.314 : 0000020.png - PSNR: 25.02 dB
24-02-29 19:02:51.409 : 0000021.png - PSNR: 24.27 dB
24-02-29 19:02:51.505 : 0000022.png - PSNR: 26.00 dB
24-02-29 19:02:51.607 : 0000023.png - PSNR: 31.49 dB
24-02-29 19:02:51.684 : 0000024.png - PSNR: 20.90 dB
24-02-29 19:02:51.772 : 0000025.png - PSNR: 25.80 dB
24-02-29 19:02:51.840 : 0000026.png - PSNR: 31.59 dB
24-02-29 19:02:51.918 : 0000027.png - PSNR: 22.40 dB
24-02-29 19:02:51.996 : 0000028.png - PSNR: 20.74 dB
24-02-29 19:02:52.078 : 0000029.png - PSNR: 24.61 dB
24-02-29 19:02:52.187 : 0000030.png - PSNR: 23.36 dB
24-02-29 19:02:52.270 : 0000031.png - PSNR: 35.32 dB
24-02-29 19:02:52.356 : 0000032.png - PSNR: 21.36 dB
24-02-29 19:02:52.447 : 0000033.png - PSNR: 24.70 dB
24-02-29 19:02:52.496 : 0000034.png - PSNR: 21.74 dB
24-02-29 19:02:52.546 : 0000035.png - PSNR: 27.52 dB
24-02-29 19:02:52.604 : 0000036.png - PSNR: 21.06 dB
24-02-29 19:02:52.717 : 0000037.png - PSNR: 23.61 dB
24-02-29 19:02:52.823 : 0000038.png - PSNR: 23.54 dB
24-02-29 19:02:52.927 : 0000039.png - PSNR: 22.50 dB
24-02-29 19:02:53.002 : 0000040.png - PSNR: 33.58 dB
24-02-29 19:02:53.096 : 0000041.png - PSNR: 24.80 dB
24-02-29 19:02:53.178 : 0000042.png - PSNR: 21.82 dB
24-02-29 19:02:53.335 : 0000043.png - PSNR: 23.14 dB
24-02-29 19:02:53.442 : 0000044.png - PSNR: 24.06 dB
24-02-29 19:02:53.496 : 0000045.png - PSNR: 25.25 dB
24-02-29 19:02:53.630 : 0000046.png - PSNR: 26.38 dB
24-02-29 19:02:53.787 : 0000047.png - PSNR: 21.28 dB
24-02-29 19:02:54.106 : 0000048.png - PSNR: 29.32 dB
24-02-29 19:02:54.362 : 0000049.png - PSNR: 24.75 dB
24-02-29 19:02:54.498 : 0000050.png - PSNR: 29.68 dB
24-02-29 19:02:54.580 : 0000051.png - PSNR: 23.70 dB
24-02-29 19:02:54.752 : 0000052.png - PSNR: 26.38 dB
24-02-29 19:02:55.029 : 0000053.png - PSNR: 32.10 dB
24-02-29 19:02:55.200 : 0000054.png - PSNR: 27.93 dB
24-02-29 19:02:55.283 : 0000055.png - PSNR: 27.12 dB
24-02-29 19:02:55.388 : 0000056.png - PSNR: 24.64 dB
24-02-29 19:02:55.468 : 0000057.png - PSNR: 22.50 dB
24-02-29 19:02:55.613 : 0000058.png - PSNR: 19.22 dB
24-02-29 19:02:55.748 : 0000059.png - PSNR: 23.16 dB
24-02-29 19:02:55.878 : 0000060.png - PSNR: 22.83 dB
24-02-29 19:02:55.996 : 0000061.png - PSNR: 23.91 dB
24-02-29 19:02:56.109 : 0000062.png - PSNR: 20.84 dB
24-02-29 19:02:56.192 : 0000063.png - PSNR: 21.19 dB
24-02-29 19:02:56.311 : 0000064.png - PSNR: 28.26 dB
24-02-29 19:02:56.445 : 0000065.png - PSNR: 20.90 dB
24-02-29 19:02:56.570 : 0000066.png - PSNR: 24.03 dB
24-02-29 19:02:56.659 : 0000067.png - PSNR: 22.98 dB
24-02-29 19:02:56.750 : 0000068.png - PSNR: 26.71 dB
24-02-29 19:02:56.863 : 0000069.png - PSNR: 29.25 dB
24-02-29 19:02:56.976 : 0000070.png - PSNR: 30.78 dB
24-02-29 19:02:57.076 : 0000071.png - PSNR: 26.33 dB
24-02-29 19:02:57.171 : 0000072.png - PSNR: 26.54 dB
24-02-29 19:02:57.291 : 0000073.png - PSNR: 22.14 dB
24-02-29 19:02:57.415 : 0000074.png - PSNR: 27.41 dB
24-02-29 19:02:57.520 : 0000075.png - PSNR: 28.80 dB
24-02-29 19:02:57.639 : 0000076.png - PSNR: 22.94 dB
24-02-29 19:02:57.721 : 0000077.png - PSNR: 24.37 dB
24-02-29 19:02:57.809 : 0000078.png - PSNR: 26.10 dB
24-02-29 19:02:57.905 : 0000079.png - PSNR: 24.33 dB
24-02-29 19:02:58.006 : 0000080.png - PSNR: 24.30 dB
24-02-29 19:02:58.112 : 0000081.png - PSNR: 23.74 dB
24-02-29 19:02:58.224 : 0000082.png - PSNR: 19.70 dB
24-02-29 19:02:58.341 : 0000083.png - PSNR: 29.88 dB
24-02-29 19:02:58.423 : 0000084.png - PSNR: 31.63 dB
24-02-29 19:02:58.492 : 0000085.png - PSNR: 24.99 dB
24-02-29 19:02:58.599 : 0000086.png - PSNR: 27.20 dB
24-02-29 19:02:58.698 : 0000087.png - PSNR: 31.30 dB
24-02-29 19:02:58.818 : 0000088.png - PSNR: 29.95 dB
24-02-29 19:02:58.907 : 0000089.png - PSNR: 22.64 dB
24-02-29 19:02:59.005 : 0000090.png - PSNR: 21.42 dB
24-02-29 19:02:59.122 : 0000091.png - PSNR: 22.00 dB
24-02-29 19:02:59.245 : 0000092.png - PSNR: 18.93 dB
24-02-29 19:02:59.332 : 0000093.png - PSNR: 24.89 dB
24-02-29 19:02:59.406 : 0000094.png - PSNR: 22.80 dB
24-02-29 19:02:59.491 : 0000095.png - PSNR: 26.52 dB
24-02-29 19:02:59.638 : 0000096.png - PSNR: 29.55 dB
24-02-29 19:02:59.735 : 0000097.png - PSNR: 29.10 dB
24-02-29 19:02:59.955 : 0000098.png - PSNR: 24.05 dB
24-02-29 19:03:00.076 : 0000099.png - PSNR: 21.65 dB
24-02-29 19:03:00.197 : 0000100.png - PSNR: 25.21 dB
24-02-29 19:03:00.396 : 0801.png - PSNR: 29.49 dB
24-02-29 19:03:00.628 : 0802.png - PSNR: 35.23 dB
24-02-29 19:03:00.888 : 0803.png - PSNR: 40.35 dB
24-02-29 19:03:01.126 : 0804.png - PSNR: 27.36 dB
24-02-29 19:03:01.371 : 0805.png - PSNR: 28.56 dB
24-02-29 19:03:01.625 : 0806.png - PSNR: 28.37 dB
24-02-29 19:03:01.850 : 0807.png - PSNR: 20.22 dB
24-02-29 19:03:02.081 : 0808.png - PSNR: 26.83 dB
24-02-29 19:03:02.322 : 0809.png - PSNR: 32.26 dB
24-02-29 19:03:02.598 : 0810.png - PSNR: 26.73 dB
24-02-29 19:03:02.859 : 0811.png - PSNR: 29.10 dB
24-02-29 19:03:03.149 : 0812.png - PSNR: 27.97 dB
24-02-29 19:03:03.445 : 0813.png - PSNR: 31.43 dB
24-02-29 19:03:03.681 : 0814.png - PSNR: 28.26 dB
24-02-29 19:03:03.896 : 0815.png - PSNR: 34.15 dB
24-02-29 19:03:04.136 : 0816.png - PSNR: 31.68 dB
24-02-29 19:03:04.399 : 0817.png - PSNR: 32.25 dB
24-02-29 19:03:04.669 : 0818.png - PSNR: 29.03 dB
24-02-29 19:03:04.915 : 0819.png - PSNR: 28.07 dB
24-02-29 19:03:05.175 : 0820.png - PSNR: 24.98 dB
24-02-29 19:03:05.438 : 0821.png - PSNR: 32.14 dB
24-02-29 19:03:05.736 : 0822.png - PSNR: 30.62 dB
24-02-29 19:03:06.009 : 0823.png - PSNR: 26.05 dB
24-02-29 19:03:06.252 : 0824.png - PSNR: 28.53 dB
24-02-29 19:03:06.506 : 0825.png - PSNR: 27.32 dB
24-02-29 19:03:06.795 : 0826.png - PSNR: 24.23 dB
24-02-29 19:03:07.076 : 0827.png - PSNR: 33.55 dB
24-02-29 19:03:07.335 : 0828.png - PSNR: 21.70 dB
24-02-29 19:03:07.579 : 0829.png - PSNR: 26.59 dB
24-02-29 19:03:07.774 : 0830.png - PSNR: 24.48 dB
24-02-29 19:03:07.998 : 0831.png - PSNR: 30.20 dB
24-02-29 19:03:08.258 : 0832.png - PSNR: 30.74 dB
24-02-29 19:03:08.535 : 0833.png - PSNR: 34.17 dB
24-02-29 19:03:08.781 : 0834.png - PSNR: 25.42 dB
24-02-29 19:03:09.068 : 0835.png - PSNR: 22.90 dB
24-02-29 19:03:09.360 : 0836.png - PSNR: 25.86 dB
24-02-29 19:03:09.619 : 0837.png - PSNR: 26.23 dB
24-02-29 19:03:09.872 : 0838.png - PSNR: 37.77 dB
24-02-29 19:03:10.114 : 0839.png - PSNR: 29.06 dB
24-02-29 19:03:10.347 : 0840.png - PSNR: 28.41 dB
24-02-29 19:03:10.601 : 0841.png - PSNR: 28.17 dB
24-02-29 19:03:10.848 : 0842.png - PSNR: 29.90 dB
24-02-29 19:03:11.080 : 0843.png - PSNR: 41.22 dB
24-02-29 19:03:11.289 : 0844.png - PSNR: 44.49 dB
24-02-29 19:03:11.529 : 0845.png - PSNR: 24.15 dB
24-02-29 19:03:11.805 : 0846.png - PSNR: 25.58 dB
24-02-29 19:03:12.046 : 0847.png - PSNR: 27.78 dB
24-02-29 19:03:12.316 : 0848.png - PSNR: 27.26 dB
24-02-29 19:03:12.577 : 0849.png - PSNR: 22.31 dB
24-02-29 19:03:12.836 : 0850.png - PSNR: 29.14 dB
24-02-29 19:03:13.103 : 0851.png - PSNR: 28.51 dB
24-02-29 19:03:13.310 : 0852.png - PSNR: 30.02 dB
24-02-29 19:03:13.533 : 0853.png - PSNR: 34.23 dB
24-02-29 19:03:13.743 : 0854.png - PSNR: 24.93 dB
24-02-29 19:03:14.108 : 0855.png - PSNR: 29.44 dB
24-02-29 19:03:14.371 : 0856.png - PSNR: 24.39 dB
24-02-29 19:03:14.621 : 0857.png - PSNR: 34.96 dB
24-02-29 19:03:14.850 : 0858.png - PSNR: 28.50 dB
24-02-29 19:03:15.092 : 0859.png - PSNR: 25.40 dB
24-02-29 19:03:15.353 : 0860.png - PSNR: 20.60 dB
24-02-29 19:03:15.600 : 0861.png - PSNR: 23.09 dB
24-02-29 19:03:15.824 : 0862.png - PSNR: 33.17 dB
24-02-29 19:03:16.072 : 0863.png - PSNR: 33.23 dB
24-02-29 19:03:16.316 : 0864.png - PSNR: 29.95 dB
24-02-29 19:03:16.589 : 0865.png - PSNR: 27.30 dB
24-02-29 19:03:16.847 : 0866.png - PSNR: 25.08 dB
24-02-29 19:03:17.097 : 0867.png - PSNR: 28.44 dB
24-02-29 19:03:17.337 : 0868.png - PSNR: 32.82 dB
24-02-29 19:03:17.545 : 0869.png - PSNR: 23.79 dB
24-02-29 19:03:17.826 : 0870.png - PSNR: 28.61 dB
24-02-29 19:03:18.089 : 0871.png - PSNR: 32.14 dB
24-02-29 19:03:18.339 : 0872.png - PSNR: 24.03 dB
24-02-29 19:03:18.600 : 0873.png - PSNR: 24.05 dB
24-02-29 19:03:18.849 : 0874.png - PSNR: 30.16 dB
24-02-29 19:03:19.131 : 0875.png - PSNR: 24.36 dB
24-02-29 19:03:19.396 : 0876.png - PSNR: 22.13 dB
24-02-29 19:03:19.617 : 0877.png - PSNR: 40.43 dB
24-02-29 19:03:19.895 : 0878.png - PSNR: 32.19 dB
24-02-29 19:03:20.258 : 0879.png - PSNR: 27.34 dB
24-02-29 19:03:20.504 : 0880.png - PSNR: 32.16 dB
24-02-29 19:03:20.713 : 0881.png - PSNR: 25.95 dB
24-02-29 19:03:20.934 : 0882.png - PSNR: 34.26 dB
24-02-29 19:03:21.173 : 0883.png - PSNR: 26.40 dB
24-02-29 19:03:21.412 : 0884.png - PSNR: 25.93 dB
24-02-29 19:03:21.652 : 0885.png - PSNR: 22.77 dB
24-02-29 19:03:21.882 : 0886.png - PSNR: 36.59 dB
24-02-29 19:03:22.122 : 0887.png - PSNR: 25.24 dB
24-02-29 19:03:22.370 : 0888.png - PSNR: 30.67 dB
24-02-29 19:03:22.625 : 0889.png - PSNR: 30.87 dB
24-02-29 19:03:22.896 : 0890.png - PSNR: 25.29 dB
24-02-29 19:03:23.179 : 0891.png - PSNR: 26.96 dB
24-02-29 19:03:23.439 : 0892.png - PSNR: 30.23 dB
24-02-29 19:03:23.683 : 0893.png - PSNR: 33.32 dB
24-02-29 19:03:23.938 : 0894.png - PSNR: 31.80 dB
24-02-29 19:03:24.177 : 0895.png - PSNR: 20.41 dB
24-02-29 19:03:24.421 : 0896.png - PSNR: 39.22 dB
24-02-29 19:03:24.679 : 0897.png - PSNR: 22.12 dB
24-02-29 19:03:24.927 : 0898.png - PSNR: 34.56 dB
24-02-29 19:03:25.176 : 0899.png - PSNR: 31.27 dB
24-02-29 19:03:25.407 : 0900.png - PSNR: 27.70 dB
24-02-29 19:03:25.476 :       Max Memory : 520.649 [M]
24-02-29 19:03:25.476 : ------> Average runtime of (valid) is : 43.140660 milliseconds
24-02-29 19:03:25.476 : ------> Average PSNR of (valid) is : 26.902569 dB
24-02-29 19:03:25.496 :     #Activations : 80.0452 [M]
24-02-29 19:03:25.497 :          #Conv2d : 39
24-02-29 19:03:25.560 :            FLOPs : 19.6749 [G]
24-02-29 19:03:25.560 :          #Params : 0.3172 [M]
24-03-02 16:30:57.786 : 00_RLFN_baseline
24-03-02 16:30:58.057 : 0000001.png - PSNR: 25.64 dB
24-03-02 16:30:58.168 : 0000002.png - PSNR: 21.01 dB
24-03-02 16:30:58.293 : 0000003.png - PSNR: 26.42 dB
24-03-02 16:30:58.378 : 0000004.png - PSNR: 24.20 dB
24-03-02 16:30:58.514 : 0000005.png - PSNR: 25.07 dB
24-03-02 16:30:58.625 : 0000006.png - PSNR: 20.39 dB
24-03-02 16:30:58.713 : 0000007.png - PSNR: 19.00 dB
24-03-02 16:30:58.781 : 0000008.png - PSNR: 23.39 dB
24-03-02 16:30:58.849 : 0000009.png - PSNR: 23.24 dB
24-03-02 16:30:58.932 : 0000010.png - PSNR: 20.97 dB
24-03-02 16:30:59.020 : 0000011.png - PSNR: 25.66 dB
24-03-02 16:30:59.118 : 0000012.png - PSNR: 25.15 dB
24-03-02 16:30:59.223 : 0000013.png - PSNR: 25.05 dB
24-03-02 16:30:59.312 : 0000014.png - PSNR: 24.70 dB
24-03-02 16:30:59.377 : 0000015.png - PSNR: 22.88 dB
24-03-02 16:30:59.480 : 0000016.png - PSNR: 21.03 dB
24-03-02 16:30:59.579 : 0000017.png - PSNR: 22.56 dB
24-03-02 16:30:59.696 : 0000018.png - PSNR: 25.82 dB
24-03-02 16:30:59.825 : 0000019.png - PSNR: 22.60 dB
24-03-02 16:30:59.942 : 0000020.png - PSNR: 25.02 dB
24-03-02 16:31:00.040 : 0000021.png - PSNR: 24.27 dB
24-03-02 16:31:00.132 : 0000022.png - PSNR: 26.00 dB
24-03-02 16:31:00.234 : 0000023.png - PSNR: 31.49 dB
24-03-02 16:31:00.315 : 0000024.png - PSNR: 20.90 dB
24-03-02 16:31:00.403 : 0000025.png - PSNR: 25.80 dB
24-03-02 16:31:00.471 : 0000026.png - PSNR: 31.59 dB
24-03-02 16:31:00.549 : 0000027.png - PSNR: 22.40 dB
24-03-02 16:31:00.628 : 0000028.png - PSNR: 20.74 dB
24-03-02 16:31:00.710 : 0000029.png - PSNR: 24.61 dB
24-03-02 16:31:00.810 : 0000030.png - PSNR: 23.36 dB
24-03-02 16:31:00.893 : 0000031.png - PSNR: 35.32 dB
24-03-02 16:31:00.976 : 0000032.png - PSNR: 21.36 dB
24-03-02 16:31:01.056 : 0000033.png - PSNR: 24.70 dB
24-03-02 16:31:01.106 : 0000034.png - PSNR: 21.74 dB
24-03-02 16:31:01.157 : 0000035.png - PSNR: 27.52 dB
24-03-02 16:31:01.213 : 0000036.png - PSNR: 21.06 dB
24-03-02 16:31:01.316 : 0000037.png - PSNR: 23.61 dB
24-03-02 16:31:01.418 : 0000038.png - PSNR: 23.54 dB
24-03-02 16:31:01.518 : 0000039.png - PSNR: 22.50 dB
24-03-02 16:31:01.594 : 0000040.png - PSNR: 33.58 dB
24-03-02 16:31:01.683 : 0000041.png - PSNR: 24.80 dB
24-03-02 16:31:01.765 : 0000042.png - PSNR: 21.82 dB
24-03-02 16:31:01.901 : 0000043.png - PSNR: 23.14 dB
24-03-02 16:31:02.011 : 0000044.png - PSNR: 24.06 dB
24-03-02 16:31:02.061 : 0000045.png - PSNR: 25.25 dB
24-03-02 16:31:02.183 : 0000046.png - PSNR: 26.38 dB
24-03-02 16:31:02.350 : 0000047.png - PSNR: 21.28 dB
24-03-02 16:31:02.683 : 0000048.png - PSNR: 29.32 dB
24-03-02 16:31:02.963 : 0000049.png - PSNR: 24.75 dB
24-03-02 16:31:03.100 : 0000050.png - PSNR: 29.68 dB
24-03-02 16:31:03.181 : 0000051.png - PSNR: 23.70 dB
24-03-02 16:31:03.357 : 0000052.png - PSNR: 26.38 dB
24-03-02 16:31:03.644 : 0000053.png - PSNR: 32.10 dB
24-03-02 16:31:03.825 : 0000054.png - PSNR: 27.93 dB
24-03-02 16:31:03.908 : 0000055.png - PSNR: 27.12 dB
24-03-02 16:31:04.015 : 0000056.png - PSNR: 24.64 dB
24-03-02 16:31:04.096 : 0000057.png - PSNR: 22.50 dB
24-03-02 16:31:04.229 : 0000058.png - PSNR: 19.22 dB
24-03-02 16:31:04.353 : 0000059.png - PSNR: 23.16 dB
24-03-02 16:31:04.474 : 0000060.png - PSNR: 22.83 dB
24-03-02 16:31:04.581 : 0000061.png - PSNR: 23.91 dB
24-03-02 16:31:04.692 : 0000062.png - PSNR: 20.84 dB
24-03-02 16:31:04.787 : 0000063.png - PSNR: 21.19 dB
24-03-02 16:31:04.906 : 0000064.png - PSNR: 28.26 dB
24-03-02 16:31:05.039 : 0000065.png - PSNR: 20.90 dB
24-03-02 16:31:05.165 : 0000066.png - PSNR: 24.03 dB
24-03-02 16:31:05.251 : 0000067.png - PSNR: 22.98 dB
24-03-02 16:31:05.353 : 0000068.png - PSNR: 26.71 dB
24-03-02 16:31:05.466 : 0000069.png - PSNR: 29.25 dB
24-03-02 16:31:05.577 : 0000070.png - PSNR: 30.78 dB
24-03-02 16:31:05.676 : 0000071.png - PSNR: 26.33 dB
24-03-02 16:31:05.779 : 0000072.png - PSNR: 26.54 dB
24-03-02 16:31:05.898 : 0000073.png - PSNR: 22.14 dB
24-03-02 16:31:06.023 : 0000074.png - PSNR: 27.41 dB
24-03-02 16:31:06.136 : 0000075.png - PSNR: 28.80 dB
24-03-02 16:31:06.257 : 0000076.png - PSNR: 22.94 dB
24-03-02 16:31:06.339 : 0000077.png - PSNR: 24.37 dB
24-03-02 16:31:06.425 : 0000078.png - PSNR: 26.10 dB
24-03-02 16:31:06.519 : 0000079.png - PSNR: 24.33 dB
24-03-02 16:31:06.619 : 0000080.png - PSNR: 24.30 dB
24-03-02 16:31:06.726 : 0000081.png - PSNR: 23.74 dB
24-03-02 16:31:06.838 : 0000082.png - PSNR: 19.70 dB
24-03-02 16:31:06.952 : 0000083.png - PSNR: 29.88 dB
24-03-02 16:31:07.035 : 0000084.png - PSNR: 31.63 dB
24-03-02 16:31:07.105 : 0000085.png - PSNR: 24.99 dB
24-03-02 16:31:07.213 : 0000086.png - PSNR: 27.20 dB
24-03-02 16:31:07.310 : 0000087.png - PSNR: 31.30 dB
24-03-02 16:31:07.438 : 0000088.png - PSNR: 29.95 dB
24-03-02 16:31:07.523 : 0000089.png - PSNR: 22.64 dB
24-03-02 16:31:07.619 : 0000090.png - PSNR: 21.42 dB
24-03-02 16:31:07.733 : 0000091.png - PSNR: 22.00 dB
24-03-02 16:31:07.858 : 0000092.png - PSNR: 18.93 dB
24-03-02 16:31:07.942 : 0000093.png - PSNR: 24.89 dB
24-03-02 16:31:08.014 : 0000094.png - PSNR: 22.80 dB
24-03-02 16:31:08.100 : 0000095.png - PSNR: 26.52 dB
24-03-02 16:31:08.255 : 0000096.png - PSNR: 29.55 dB
24-03-02 16:31:08.355 : 0000097.png - PSNR: 29.10 dB
24-03-02 16:31:08.580 : 0000098.png - PSNR: 24.05 dB
24-03-02 16:31:08.712 : 0000099.png - PSNR: 21.65 dB
24-03-02 16:31:08.826 : 0000100.png - PSNR: 25.21 dB
24-03-02 16:31:09.027 : 0801.png - PSNR: 29.49 dB
24-03-02 16:31:09.276 : 0802.png - PSNR: 35.23 dB
24-03-02 16:31:09.547 : 0803.png - PSNR: 40.35 dB
24-03-02 16:31:09.796 : 0804.png - PSNR: 27.36 dB
24-03-02 16:31:10.065 : 0805.png - PSNR: 28.56 dB
24-03-02 16:31:10.319 : 0806.png - PSNR: 28.37 dB
24-03-02 16:31:10.547 : 0807.png - PSNR: 20.22 dB
24-03-02 16:31:10.793 : 0808.png - PSNR: 26.83 dB
24-03-02 16:31:11.036 : 0809.png - PSNR: 32.26 dB
24-03-02 16:31:11.312 : 0810.png - PSNR: 26.73 dB
24-03-02 16:31:11.575 : 0811.png - PSNR: 29.10 dB
24-03-02 16:31:11.857 : 0812.png - PSNR: 27.97 dB
24-03-02 16:31:12.149 : 0813.png - PSNR: 31.43 dB
24-03-02 16:31:12.387 : 0814.png - PSNR: 28.26 dB
24-03-02 16:31:12.602 : 0815.png - PSNR: 34.15 dB
24-03-02 16:31:12.844 : 0816.png - PSNR: 31.68 dB
24-03-02 16:31:13.106 : 0817.png - PSNR: 32.25 dB
24-03-02 16:31:13.387 : 0818.png - PSNR: 29.03 dB
24-03-02 16:31:13.644 : 0819.png - PSNR: 28.07 dB
24-03-02 16:31:13.893 : 0820.png - PSNR: 24.98 dB
24-03-02 16:31:14.167 : 0821.png - PSNR: 32.14 dB
24-03-02 16:31:14.461 : 0822.png - PSNR: 30.62 dB
24-03-02 16:31:14.731 : 0823.png - PSNR: 26.05 dB
24-03-02 16:31:14.969 : 0824.png - PSNR: 28.53 dB
24-03-02 16:31:15.229 : 0825.png - PSNR: 27.32 dB
24-03-02 16:31:15.522 : 0826.png - PSNR: 24.23 dB
24-03-02 16:31:15.807 : 0827.png - PSNR: 33.55 dB
24-03-02 16:31:16.073 : 0828.png - PSNR: 21.70 dB
24-03-02 16:31:16.328 : 0829.png - PSNR: 26.59 dB
24-03-02 16:31:16.537 : 0830.png - PSNR: 24.48 dB
24-03-02 16:31:16.761 : 0831.png - PSNR: 30.20 dB
24-03-02 16:31:17.010 : 0832.png - PSNR: 30.74 dB
24-03-02 16:31:17.275 : 0833.png - PSNR: 34.17 dB
24-03-02 16:31:17.513 : 0834.png - PSNR: 25.42 dB
24-03-02 16:31:17.784 : 0835.png - PSNR: 22.90 dB
24-03-02 16:31:18.073 : 0836.png - PSNR: 25.86 dB
24-03-02 16:31:18.324 : 0837.png - PSNR: 26.23 dB
24-03-02 16:31:18.583 : 0838.png - PSNR: 37.77 dB
24-03-02 16:31:18.826 : 0839.png - PSNR: 29.06 dB
24-03-02 16:31:19.065 : 0840.png - PSNR: 28.41 dB
24-03-02 16:31:19.329 : 0841.png - PSNR: 28.17 dB
24-03-02 16:31:19.575 : 0842.png - PSNR: 29.90 dB
24-03-02 16:31:19.806 : 0843.png - PSNR: 41.22 dB
24-03-02 16:31:20.016 : 0844.png - PSNR: 44.49 dB
24-03-02 16:31:20.252 : 0845.png - PSNR: 24.15 dB
24-03-02 16:31:20.526 : 0846.png - PSNR: 25.58 dB
24-03-02 16:31:20.766 : 0847.png - PSNR: 27.78 dB
24-03-02 16:31:21.031 : 0848.png - PSNR: 27.26 dB
24-03-02 16:31:21.299 : 0849.png - PSNR: 22.31 dB
24-03-02 16:31:21.551 : 0850.png - PSNR: 29.14 dB
24-03-02 16:31:21.813 : 0851.png - PSNR: 28.51 dB
24-03-02 16:31:22.019 : 0852.png - PSNR: 30.02 dB
24-03-02 16:31:22.244 : 0853.png - PSNR: 34.23 dB
24-03-02 16:31:22.455 : 0854.png - PSNR: 24.93 dB
24-03-02 16:31:22.837 : 0855.png - PSNR: 29.44 dB
24-03-02 16:31:23.098 : 0856.png - PSNR: 24.39 dB
24-03-02 16:31:23.348 : 0857.png - PSNR: 34.96 dB
24-03-02 16:31:23.574 : 0858.png - PSNR: 28.50 dB
24-03-02 16:31:23.805 : 0859.png - PSNR: 25.40 dB
24-03-02 16:31:24.063 : 0860.png - PSNR: 20.60 dB
24-03-02 16:31:24.316 : 0861.png - PSNR: 23.09 dB
24-03-02 16:31:24.542 : 0862.png - PSNR: 33.17 dB
24-03-02 16:31:24.793 : 0863.png - PSNR: 33.23 dB
24-03-02 16:31:25.042 : 0864.png - PSNR: 29.95 dB
24-03-02 16:31:25.318 : 0865.png - PSNR: 27.30 dB
24-03-02 16:31:25.577 : 0866.png - PSNR: 25.08 dB
24-03-02 16:31:25.834 : 0867.png - PSNR: 28.44 dB
24-03-02 16:31:26.076 : 0868.png - PSNR: 32.82 dB
24-03-02 16:31:26.284 : 0869.png - PSNR: 23.79 dB
24-03-02 16:31:26.566 : 0870.png - PSNR: 28.61 dB
24-03-02 16:31:26.831 : 0871.png - PSNR: 32.14 dB
24-03-02 16:31:27.087 : 0872.png - PSNR: 24.03 dB
24-03-02 16:31:27.350 : 0873.png - PSNR: 24.05 dB
24-03-02 16:31:27.601 : 0874.png - PSNR: 30.16 dB
24-03-02 16:31:27.895 : 0875.png - PSNR: 24.36 dB
24-03-02 16:31:28.162 : 0876.png - PSNR: 22.13 dB
24-03-02 16:31:28.389 : 0877.png - PSNR: 40.43 dB
24-03-02 16:31:28.670 : 0878.png - PSNR: 32.19 dB
24-03-02 16:31:29.049 : 0879.png - PSNR: 27.34 dB
24-03-02 16:31:29.308 : 0880.png - PSNR: 32.16 dB
24-03-02 16:31:29.531 : 0881.png - PSNR: 25.95 dB
24-03-02 16:31:29.774 : 0882.png - PSNR: 34.26 dB
24-03-02 16:31:30.028 : 0883.png - PSNR: 26.40 dB
24-03-02 16:31:30.294 : 0884.png - PSNR: 25.93 dB
24-03-02 16:31:30.551 : 0885.png - PSNR: 22.77 dB
24-03-02 16:31:30.816 : 0886.png - PSNR: 36.59 dB
24-03-02 16:31:31.066 : 0887.png - PSNR: 25.24 dB
24-03-02 16:31:31.317 : 0888.png - PSNR: 30.67 dB
24-03-02 16:31:31.589 : 0889.png - PSNR: 30.87 dB
24-03-02 16:31:31.868 : 0890.png - PSNR: 25.29 dB
24-03-02 16:31:32.146 : 0891.png - PSNR: 26.96 dB
24-03-02 16:31:32.404 : 0892.png - PSNR: 30.23 dB
24-03-02 16:31:32.642 : 0893.png - PSNR: 33.32 dB
24-03-02 16:31:32.886 : 0894.png - PSNR: 31.80 dB
24-03-02 16:31:33.123 : 0895.png - PSNR: 20.41 dB
24-03-02 16:31:33.366 : 0896.png - PSNR: 39.22 dB
24-03-02 16:31:33.616 : 0897.png - PSNR: 22.12 dB
24-03-02 16:31:33.859 : 0898.png - PSNR: 34.56 dB
24-03-02 16:31:34.102 : 0899.png - PSNR: 31.27 dB
24-03-02 16:31:34.326 : 0900.png - PSNR: 27.70 dB
24-03-02 16:31:34.386 :       Max Memory : 520.649 [M]
24-03-02 16:31:34.387 : ------> Average runtime of (valid) is : 43.130554 milliseconds
24-03-02 16:31:34.387 : ------> Average PSNR of (valid) is : 26.902569 dB
24-03-02 16:31:34.406 :     #Activations : 80.0452 [M]
24-03-02 16:31:34.406 :          #Conv2d : 39
24-03-02 16:31:34.462 :            FLOPs : 19.6749 [G]
24-03-02 16:31:34.462 :          #Params : 0.3172 [M]
